info it worked if it ends with ok
verbose cli [ 'node', '/usr/local/bin/npm', 'install', 'util' ]
info using npm@1.0.27
info using node@v0.4.11
verbose /usr/local/bin/node node symlink
verbose config file /Users/ttuo/.npmrc
verbose config file /usr/local/etc/npmrc
silly testEngine { name: 'node-static',
silly testEngine   description: 'simple, compliant file streaming module for node',
silly testEngine   url: 'http://github.com/cloudhead/node-static',
silly testEngine   keywords: [ 'http', 'static', 'file', 'server' ],
silly testEngine   author: 
silly testEngine    { name: 'Alexis Sellier',
silly testEngine      email: 'self@cloudhead.net' },
silly testEngine   contributors: [],
silly testEngine   licenses: [ 'MIT' ],
silly testEngine   dependencies: {},
silly testEngine   lib: 'lib',
silly testEngine   main: './lib/node-static',
silly testEngine   version: '0.5.9',
silly testEngine   directories: { test: './test' },
silly testEngine   engines: { node: '>= 0.4.1' },
silly testEngine   _npmJsonOpts: 
silly testEngine    { file: '/Users/ttuo/Documents/projects/luolis/server/node_modules/node-static/package.json',
silly testEngine      wscript: false,
silly testEngine      contributors: false,
silly testEngine      serverjs: false },
silly testEngine   _id: 'node-static@0.5.9',
silly testEngine   devDependencies: {},
silly testEngine   _engineSupported: true,
silly testEngine   _npmVersion: '1.0.27',
silly testEngine   _nodeVersion: 'v0.4.11',
silly testEngine   _defaultsLoaded: true }
verbose caching /Users/ttuo/Documents/projects/luolis/server/node_modules/node-static/package.json
verbose loadDefaults node-static@0.5.9
verbose into /Users/ttuo/Documents/projects/luolis/server [ 'util' ]
verbose cache add util
verbose cache add [ 'util', null ]
silly cache add: name, spec, args [ undefined, 'util', [ 'util', null ] ]
verbose parsed url { pathname: 'util', href: 'util' }
info addNamed [ 'util', '' ]
verbose addNamed [ null, '' ]
verbose GET util
verbose raw, before any munging util
verbose url resolving [ 'https://registry.npmjs.org/', './util' ]
verbose url resolved https://registry.npmjs.org/util
verbose url parsed { protocol: 'https:',
verbose url parsed   slashes: true,
verbose url parsed   host: 'registry.npmjs.org',
verbose url parsed   hostname: 'registry.npmjs.org',
verbose url parsed   href: 'https://registry.npmjs.org/util',
verbose url parsed   pathname: '/util' }
verbose response https://registry.npmjs.org/util
silly chunk {"_id":"util","_rev":"3-0e55e3466bc3ea6aeda6384639e842c3","name":"util","description":"Node.JS util module","dist-tags":{"latest":"0.4.9"},"versions":{"0.4.9":{"author":{"name":"Joyent","url":"http://www.joyent.com"},"name":"util","description":"Node.JS util module","keywords":["ender","util"],"version":"0.4.9","homepage":"http://nodejs.org/docs/v0.4.9/api/util.html","repository":{"type":"git","url":"git://github.com/coolaj86/nodejs-libs-4-browser.git"},"main":"./util.js","directories":{"lib":"."},"engines":{"node":">= 0.2.0","ender":">= 0.5.0"},"dependencies":{"events.node":">= 0.4.0"},"devDependencies":{},"_npmJsonOpts":{"file":"/Users/coolaj86/.npm/util/0.4.9/package/package.json","wscript":false,"contributors":false,"serverjs":false},"_id":"util@0.4.9","_engineSupported":true,"_npmVersion":"1.0.22","_nodeVersion":"v0.4.8","_defaultsLoaded":true,"dist":{"shasum":"d95d5830d2328ec17dee3c80bfc50c33562b75a3","tarball":"http://registry.npmjs.org/util/-/util-0.4.9.tgz"},"scripts":{},"maintainers":[{"name":"coolaj86","email":"coolaj86@gmail.com"}]}},"maintainers":[{"name":"coolaj86","email":"coolaj86@gmail.com"}],"time":{"0.4.9":"2011-09-07T07:57:03.759Z"},"author":{"name":"Joyent","url":"http://www.joyent.com"},"repository":{"type":"git","url":"git://github.com/coolaj86/nodejs-libs-4-browser.git"}}
silly get cb [ 200,
silly get cb   { vary: 'Accept',
silly get cb     server: 'CouchDB/1.1.0 (Erlang OTP/R14B04)',
silly get cb     etag: '"19GH0Q80H6WMGR193TA2BP4G"',
silly get cb     date: 'Sun, 04 Mar 2012 22:02:00 GMT',
silly get cb     'content-type': 'application/json',
silly get cb     'content-length': '1316' } ]
verbose mkdir (expected) error ENOENT, No such file or directory '/Users/ttuo/.npm/util'
verbose mkdir done: /Users/ttuo/.npm/util 755
verbose GET util/0.4.9
verbose raw, before any munging util/0.4.9
verbose url resolving [ 'https://registry.npmjs.org/', './util/0.4.9' ]
verbose url resolved https://registry.npmjs.org/util/0.4.9
verbose url parsed { protocol: 'https:',
verbose url parsed   slashes: true,
verbose url parsed   host: 'registry.npmjs.org',
verbose url parsed   hostname: 'registry.npmjs.org',
verbose url parsed   href: 'https://registry.npmjs.org/util/0.4.9',
verbose url parsed   pathname: '/util/0.4.9' }
verbose response https://registry.npmjs.org/util/0.4.9
silly chunk {"author":{"name":"Joyent","url":"http://www.joyent.com"},"name":"util","description":"Node.JS util module","keywords":["ender","util"],"version":"0.4.9","homepage":"http://nodejs.org/docs/v0.4.9/api/util.html","repository":{"type":"git","url":"git://github.com/coolaj86/nodejs-libs-4-browser.git"},"main":"./util.js","directories":{"lib":"."},"engines":{"node":">= 0.2.0","ender":">= 0.5.0"},"dependencies":{"events.node":">= 0.4.0"},"devDependencies":{},"_npmJsonOpts":{"file":"/Users/coolaj86/.npm/util/0.4.9/package/package.json","wscript":false,"contributors":false,"serverjs":false},"_id":"util@0.4.9","_engineSupported":true,"_npmVersion":"1.0.22","_nodeVersion":"v0.4.8","_defaultsLoaded":true,"dist":{"shasum":"d95d5830d2328ec17dee3c80bfc50c33562b75a3","tarball":"http://registry.npmjs.org/util/-/util-0.4.9.tgz"},"scripts":{},"maintainers":[{"name":"coolaj86","email":"coolaj86@gmail.com"}]}
silly get cb [ 200,
silly get cb   { vary: 'Accept',
silly get cb     server: 'CouchDB/1.1.0 (Erlang OTP/R14B04)',
silly get cb     etag: '"19GH0Q80H6WMGR193TA2BP4G"',
silly get cb     date: 'Sun, 04 Mar 2012 22:02:02 GMT',
silly get cb     'content-type': 'application/json',
silly get cb     'content-length': '901' } ]
verbose mkdir (expected) error ENOENT, No such file or directory '/Users/ttuo/.npm/util/0.4.9'
verbose mkdir done: /Users/ttuo/.npm/util/0.4.9 755
verbose bin dist [ '0.4-ares1.7.4-ev4.4-openssl0.9.8r-v83.1.8.26-darwin-11.2.0',
verbose bin dist   { shasum: 'd95d5830d2328ec17dee3c80bfc50c33562b75a3',
verbose bin dist     tarball: 'http://registry.npmjs.org/util/-/util-0.4.9.tgz' } ]
verbose addRemoteTarball [ 'https://registry.npmjs.org/util/-/util-0.4.9.tgz',
verbose addRemoteTarball   'd95d5830d2328ec17dee3c80bfc50c33562b75a3' ]
verbose mkdir (expected) error ENOENT, No such file or directory '/var/folders/hf/5ylh5bg16j9gkd65vcf4cq300000gn/T/npm-1330898522466'
verbose mkdir (expected) error ENOENT, No such file or directory '/var/folders/hf/5ylh5bg16j9gkd65vcf4cq300000gn/T/npm-1330898522466/1330898522466-0.4679737000260502'
verbose mkdir done: /var/folders/hf/5ylh5bg16j9gkd65vcf4cq300000gn/T/npm-1330898522466/1330898522466-0.4679737000260502 755
info fetch https://registry.npmjs.org/util/-/util-0.4.9.tgz
verbose fetch to /var/folders/hf/5ylh5bg16j9gkd65vcf4cq300000gn/T/npm-1330898522466/1330898522466-0.4679737000260502/tmp.tgz
silly updated sha bytes 4633
info shasum d95d5830d2328ec17dee3c80bfc50c33562b75a3
info shasum /var/folders/hf/5ylh5bg16j9gkd65vcf4cq300000gn/T/npm-1330898522466/1330898522466-0.4679737000260502/tmp.tgz
verbose mkdir (expected) error ENOENT, No such file or directory '/var/folders/hf/5ylh5bg16j9gkd65vcf4cq300000gn/T/npm-1330898522466/1330898522466-0.4679737000260502/contents'
verbose mkdir (expected) error ENOENT, No such file or directory '/var/folders/hf/5ylh5bg16j9gkd65vcf4cq300000gn/T/npm-1330898522466/1330898522466-0.4679737000260502/contents/___package.npm'
verbose mkdir done: /var/folders/hf/5ylh5bg16j9gkd65vcf4cq300000gn/T/npm-1330898522466/1330898522466-0.4679737000260502/contents/___package.npm 755
verbose unpack_ uid, gid [ undefined, undefined ]
verbose unpackTarget /var/folders/hf/5ylh5bg16j9gkd65vcf4cq300000gn/T/npm-1330898522466/1330898522466-0.4679737000260502/contents/package
silly gunzTarPerm modes [ '755', '644' ]
verbose success gzip "--decompress" "--stdout" "/var/folders/hf/5ylh5bg16j9gkd65vcf4cq300000gn/T/npm-1330898522466/1330898522466-0.4679737000260502/tmp.tgz"
verbose success tar "-mvxpf" "-" "-o" "-C" "/var/folders/hf/5ylh5bg16j9gkd65vcf4cq300000gn/T/npm-1330898522466/1330898522466-0.4679737000260502/contents/___package.npm"
silly asyncMap in gTP /var/folders/hf/5ylh5bg16j9gkd65vcf4cq300000gn/T/npm-1330898522466/1330898522466-0.4679737000260502/contents/___package.npm/package/
silly asyncMap in gTP /var/folders/hf/5ylh5bg16j9gkd65vcf4cq300000gn/T/npm-1330898522466/1330898522466-0.4679737000260502/contents/___package.npm/package/package.json
silly asyncMap in gTP /var/folders/hf/5ylh5bg16j9gkd65vcf4cq300000gn/T/npm-1330898522466/1330898522466-0.4679737000260502/contents/___package.npm/package/util.js
silly chmod package.json 644
silly chmod util.js 644
verbose gunzed /var/folders/hf/5ylh5bg16j9gkd65vcf4cq300000gn/T/npm-1330898522466/1330898522466-0.4679737000260502/contents/___package.npm/package
verbose rm'ed /var/folders/hf/5ylh5bg16j9gkd65vcf4cq300000gn/T/npm-1330898522466/1330898522466-0.4679737000260502/contents/package
verbose renamed [ '/var/folders/hf/5ylh5bg16j9gkd65vcf4cq300000gn/T/npm-1330898522466/1330898522466-0.4679737000260502/contents/___package.npm/package',
verbose renamed   '/var/folders/hf/5ylh5bg16j9gkd65vcf4cq300000gn/T/npm-1330898522466/1330898522466-0.4679737000260502/contents/package' ]
silly testEngine { author: { name: 'Joyent', url: 'http://www.joyent.com' },
silly testEngine   name: 'util',
silly testEngine   description: 'Node.JS util module',
silly testEngine   keywords: [ 'ender', 'util' ],
silly testEngine   version: '0.4.9',
silly testEngine   homepage: 'http://nodejs.org/docs/v0.4.9/api/util.html',
silly testEngine   repository: 
silly testEngine    { type: 'git',
silly testEngine      url: 'git://github.com/coolaj86/nodejs-libs-4-browser.git' },
silly testEngine   main: './util.js',
silly testEngine   directories: { lib: '.' },
silly testEngine   engines: { node: '>= 0.2.0', ender: '>= 0.5.0' },
silly testEngine   dependencies: { 'events.node': '>= 0.4.0' },
silly testEngine   devDependencies: {},
silly testEngine   _npmJsonOpts: 
silly testEngine    { file: '/var/folders/hf/5ylh5bg16j9gkd65vcf4cq300000gn/T/npm-1330898522466/1330898522466-0.4679737000260502/contents/package/package.json',
silly testEngine      wscript: false,
silly testEngine      contributors: false,
silly testEngine      serverjs: false },
silly testEngine   _id: 'util@0.4.9',
silly testEngine   _engineSupported: true,
silly testEngine   _npmVersion: '1.0.27',
silly testEngine   _nodeVersion: 'v0.4.11',
silly testEngine   _defaultsLoaded: true,
silly testEngine   path: '/var/folders/hf/5ylh5bg16j9gkd65vcf4cq300000gn/T/npm-1330898522466/1330898522466-0.4679737000260502/contents/package' }
verbose caching /var/folders/hf/5ylh5bg16j9gkd65vcf4cq300000gn/T/npm-1330898522466/1330898522466-0.4679737000260502/contents/package/package.json
verbose loadDefaults util@0.4.9
verbose tarball contents [ 'package' ]
verbose from cache /var/folders/hf/5ylh5bg16j9gkd65vcf4cq300000gn/T/npm-1330898522466/1330898522466-0.4679737000260502/contents/package/package.json
verbose pack /var/folders/hf/5ylh5bg16j9gkd65vcf4cq300000gn/T/npm-1330898522466/1330898522466-0.4679737000260502/contents/package /Users/ttuo/.npm/util/0.4.9/package.tgz
verbose mkdir'ed /Users/ttuo/.npm/util/0.4.9
verbose tar about to write tar and gzip it.
silly tar args [ '-cvf',
silly tar args   '-',
silly tar args   'package/package.json',
silly tar args   'package/util.js' ]
verbose success tar -cvf - <file list elided>
verbose success gzip "--stdout"
verbose mkdir (expected) error ENOENT, No such file or directory '/Users/ttuo/.npm/util/0.4.9/___package.npm'
verbose mkdir done: /Users/ttuo/.npm/util/0.4.9/___package.npm 755
verbose unpack_ uid, gid [ undefined, undefined ]
verbose unpackTarget /Users/ttuo/.npm/util/0.4.9/package
silly gunzTarPerm modes [ '755', '644' ]
verbose success gzip "--decompress" "--stdout" "/Users/ttuo/.npm/util/0.4.9/package.tgz"
verbose success tar "-mvxpf" "-" "-o" "-C" "/Users/ttuo/.npm/util/0.4.9/___package.npm"
silly asyncMap in gTP /Users/ttuo/.npm/util/0.4.9/___package.npm/package/
silly asyncMap in gTP /Users/ttuo/.npm/util/0.4.9/___package.npm/package/package.json
silly asyncMap in gTP /Users/ttuo/.npm/util/0.4.9/___package.npm/package/util.js
verbose gunzed /Users/ttuo/.npm/util/0.4.9/___package.npm/package
verbose rm'ed /Users/ttuo/.npm/util/0.4.9/package
verbose renamed [ '/Users/ttuo/.npm/util/0.4.9/___package.npm/package',
verbose renamed   '/Users/ttuo/.npm/util/0.4.9/package' ]
silly testEngine { author: { name: 'Joyent', url: 'http://www.joyent.com' },
silly testEngine   name: 'util',
silly testEngine   description: 'Node.JS util module',
silly testEngine   keywords: [ 'ender', 'util' ],
silly testEngine   version: '0.4.9',
silly testEngine   homepage: 'http://nodejs.org/docs/v0.4.9/api/util.html',
silly testEngine   repository: 
silly testEngine    { type: 'git',
silly testEngine      url: 'git://github.com/coolaj86/nodejs-libs-4-browser.git' },
silly testEngine   main: './util.js',
silly testEngine   directories: { lib: '.' },
silly testEngine   engines: { node: '>= 0.2.0', ender: '>= 0.5.0' },
silly testEngine   dependencies: { 'events.node': '>= 0.4.0' },
silly testEngine   devDependencies: {},
silly testEngine   _npmJsonOpts: 
silly testEngine    { file: '/Users/ttuo/.npm/util/0.4.9/package/package.json',
silly testEngine      wscript: false,
silly testEngine      contributors: false,
silly testEngine      serverjs: false },
silly testEngine   _id: 'util@0.4.9',
silly testEngine   _engineSupported: true,
silly testEngine   _npmVersion: '1.0.27',
silly testEngine   _nodeVersion: 'v0.4.11',
silly testEngine   _defaultsLoaded: true,
silly testEngine   dist: { shasum: 'b2659c4933b72edaa36087b1591ede0909a2fa78' },
silly testEngine   scripts: {} }
verbose caching /Users/ttuo/.npm/util/0.4.9/package/package.json
verbose loadDefaults util@0.4.9
silly updated sha bytes 4631
info shasum b2659c4933b72edaa36087b1591ede0909a2fa78
info shasum /Users/ttuo/.npm/util/0.4.9/package.tgz
verbose from cache /Users/ttuo/.npm/util/0.4.9/package/package.json
verbose chmod /Users/ttuo/.npm/util/0.4.9/package.tgz 644
silly resolved [ { author: { name: 'Joyent', url: 'http://www.joyent.com' },
silly resolved     name: 'util',
silly resolved     description: 'Node.JS util module',
silly resolved     keywords: [ 'ender', 'util' ],
silly resolved     version: '0.4.9',
silly resolved     homepage: 'http://nodejs.org/docs/v0.4.9/api/util.html',
silly resolved     repository: 
silly resolved      { type: 'git',
silly resolved        url: 'git://github.com/coolaj86/nodejs-libs-4-browser.git' },
silly resolved     main: './util.js',
silly resolved     directories: { lib: '.' },
silly resolved     engines: { node: '>= 0.2.0', ender: '>= 0.5.0' },
silly resolved     dependencies: { 'events.node': '>= 0.4.0' },
silly resolved     devDependencies: {},
silly resolved     _npmJsonOpts: 
silly resolved      { file: '/Users/ttuo/.npm/util/0.4.9/package/package.json',
silly resolved        wscript: false,
silly resolved        contributors: false,
silly resolved        serverjs: false },
silly resolved     _id: 'util@0.4.9',
silly resolved     _engineSupported: true,
silly resolved     _npmVersion: '1.0.27',
silly resolved     _nodeVersion: 'v0.4.11',
silly resolved     _defaultsLoaded: true,
silly resolved     dist: { shasum: 'b2659c4933b72edaa36087b1591ede0909a2fa78' },
silly resolved     scripts: {} } ]
info into /Users/ttuo/Documents/projects/luolis/server util@0.4.9
info installOne util@0.4.9
info unbuild /Users/ttuo/Documents/projects/luolis/server/node_modules/util
verbose from cache /Users/ttuo/.npm/util/0.4.9/package/package.json
verbose mkdir (expected) error ENOENT, No such file or directory '/Users/ttuo/Documents/projects/luolis/server/node_modules/___util.npm'
verbose mkdir done: /Users/ttuo/Documents/projects/luolis/server/node_modules/___util.npm 755
verbose unpack_ uid, gid [ undefined, undefined ]
verbose unpackTarget /Users/ttuo/Documents/projects/luolis/server/node_modules/util
silly gunzTarPerm modes [ '755', '644' ]
verbose success gzip "--decompress" "--stdout" "/Users/ttuo/.npm/util/0.4.9/package.tgz"
verbose success tar "-mvxpf" "-" "-o" "-C" "/Users/ttuo/Documents/projects/luolis/server/node_modules/___util.npm"
silly asyncMap in gTP /Users/ttuo/Documents/projects/luolis/server/node_modules/___util.npm/package/
silly asyncMap in gTP /Users/ttuo/Documents/projects/luolis/server/node_modules/___util.npm/package/package.json
silly asyncMap in gTP /Users/ttuo/Documents/projects/luolis/server/node_modules/___util.npm/package/util.js
verbose gunzed /Users/ttuo/Documents/projects/luolis/server/node_modules/___util.npm/package
verbose rm'ed /Users/ttuo/Documents/projects/luolis/server/node_modules/util
verbose renamed [ '/Users/ttuo/Documents/projects/luolis/server/node_modules/___util.npm/package',
verbose renamed   '/Users/ttuo/Documents/projects/luolis/server/node_modules/util' ]
silly testEngine { author: { name: 'Joyent', url: 'http://www.joyent.com' },
silly testEngine   name: 'util',
silly testEngine   description: 'Node.JS util module',
silly testEngine   keywords: [ 'ender', 'util' ],
silly testEngine   version: '0.4.9',
silly testEngine   homepage: 'http://nodejs.org/docs/v0.4.9/api/util.html',
silly testEngine   repository: 
silly testEngine    { type: 'git',
silly testEngine      url: 'git://github.com/coolaj86/nodejs-libs-4-browser.git' },
silly testEngine   main: './util.js',
silly testEngine   directories: { lib: '.' },
silly testEngine   engines: { node: '>= 0.2.0', ender: '>= 0.5.0' },
silly testEngine   dependencies: { 'events.node': '>= 0.4.0' },
silly testEngine   devDependencies: {},
silly testEngine   _npmJsonOpts: 
silly testEngine    { file: '/Users/ttuo/Documents/projects/luolis/server/node_modules/util/package.json',
silly testEngine      wscript: false,
silly testEngine      contributors: false,
silly testEngine      serverjs: false },
silly testEngine   _id: 'util@0.4.9',
silly testEngine   _engineSupported: true,
silly testEngine   _npmVersion: '1.0.27',
silly testEngine   _nodeVersion: 'v0.4.11',
silly testEngine   _defaultsLoaded: true,
silly testEngine   scripts: {} }
verbose caching /Users/ttuo/Documents/projects/luolis/server/node_modules/util/package.json
verbose loadDefaults util@0.4.9
info preinstall util@0.4.9
verbose from cache /Users/ttuo/Documents/projects/luolis/server/node_modules/util/package.json
verbose into /Users/ttuo/Documents/projects/luolis/server/node_modules/util [ 'events.node@>= 0.4.0' ]
verbose cache add events.node@>= 0.4.0
verbose cache add [ 'events.node@>= 0.4.0', null ]
silly cache add: name, spec, args [ undefined,
silly cache add: name, spec, args   'events.node@>= 0.4.0',
silly cache add: name, spec, args   [ 'events.node@>= 0.4.0', null ] ]
verbose parsed url { pathname: 'events.node@', href: 'events.node@' }
silly cache add: name, spec, args [ 'events.node',
silly cache add: name, spec, args   '>= 0.4.0',
silly cache add: name, spec, args   [ 'events.node', '>= 0.4.0' ] ]
verbose parsed url { pathname: '=', href: '=' }
info addNamed [ 'events.node', '>= 0.4.0' ]
verbose addNamed [ null, '>=0.4.0' ]
verbose GET events.node
verbose raw, before any munging events.node
verbose url resolving [ 'https://registry.npmjs.org/', './events.node' ]
verbose url resolved https://registry.npmjs.org/events.node
verbose url parsed { protocol: 'https:',
verbose url parsed   slashes: true,
verbose url parsed   host: 'registry.npmjs.org',
verbose url parsed   hostname: 'registry.npmjs.org',
verbose url parsed   href: 'https://registry.npmjs.org/events.node',
verbose url parsed   pathname: '/events.node' }
verbose response https://registry.npmjs.org/events.node
silly chunk <html><title>Request timeout</title><body><h1>Request timeout</h1></body></html>
verbose bad json <html><title>Request timeout</title><body><h1>Request timeout</h1></body></html>
ERR! registry error parsing json
silly get cb [ 408,
silly get cb   { 'content-type': 'text/html',
silly get cb     'content-length': '80' } ]
verbose about to build /Users/ttuo/Documents/projects/luolis/server/node_modules/util
ERR! error installing util@0.4.9 SyntaxError: Unexpected token ILLEGAL
ERR! error installing util@0.4.9 <html><title>Request timeout</title><body><h1>Request timeout</h1></body></html>
ERR! error installing util@0.4.9     at Object.parse (native)
ERR! error installing util@0.4.9     at IncomingMessage.responseDone (/usr/local/lib/node_modules/npm/lib/utils/npm-registry-client/request.js:176:25)
ERR! error installing util@0.4.9     at IncomingMessage.emit (events.js:81:20)
ERR! error installing util@0.4.9     at HTTPParser.onMessageComplete (http.js:133:23)
ERR! error installing util@0.4.9     at CleartextStream.ondata (http.js:1231:22)
ERR! error installing util@0.4.9     at CleartextStream._push (tls.js:303:27)
ERR! error installing util@0.4.9     at SecurePair.cycle (tls.js:577:20)
ERR! error installing util@0.4.9     at EncryptedStream.write (tls.js:96:13)
ERR! error installing util@0.4.9     at Socket.ondata (stream.js:36:26)
ERR! error installing util@0.4.9     at Socket.emit (events.js:64:17)
info unbuild /Users/ttuo/Documents/projects/luolis/server/node_modules/util
verbose from cache /Users/ttuo/Documents/projects/luolis/server/node_modules/util/package.json
info preuninstall util@0.4.9
info uninstall util@0.4.9
verbose unbuild util@0.4.9 [ false,
verbose unbuild util@0.4.9   '/usr/local/lib/node_modules',
verbose unbuild util@0.4.9   '/Users/ttuo/Documents/projects/luolis/server/node_modules' ]
info postuninstall util@0.4.9
verbose installOne cb util@0.4.9
ERR! SyntaxError: Unexpected token ILLEGAL
ERR! <html><title>Request timeout</title><body><h1>Request timeout</h1></body></html>
ERR!     at Object.parse (native)
ERR!     at IncomingMessage.responseDone (/usr/local/lib/node_modules/npm/lib/utils/npm-registry-client/request.js:176:25)
ERR!     at IncomingMessage.emit (events.js:81:20)
ERR!     at HTTPParser.onMessageComplete (http.js:133:23)
ERR!     at CleartextStream.ondata (http.js:1231:22)
ERR!     at CleartextStream._push (tls.js:303:27)
ERR!     at SecurePair.cycle (tls.js:577:20)
ERR!     at EncryptedStream.write (tls.js:96:13)
ERR!     at Socket.ondata (stream.js:36:26)
ERR!     at Socket.emit (events.js:64:17)
ERR! Report this *entire* log at:
ERR!     <http://github.com/isaacs/npm/issues>
ERR! or email it to:
ERR!     <npm-@googlegroups.com>
ERR! 
ERR! System Darwin 11.2.0
ERR! command "node" "/usr/local/bin/npm" "install" "util"
ERR! cwd /Users/ttuo/Documents/projects/luolis/server
ERR! node -v v0.4.11
ERR! npm -v 1.0.27
verbose exit [ 1, true ]
